2019-11-04 11:50:22,251 [Worker-0] INFO  o.e.m.c.i.l.LifecycleMappingFactory - Using org.maven.ide.eclipse.wtp.WarLifecycleMapping lifecycle mapping for MavenProject: www.ccj.com.myProject:myProject:0.0.1-SNAPSHOT @ F:\myProject\myProject\myProject\pom.xml.
2019-11-04 11:50:43,446 [Worker-0] INFO  o.e.m.j.i.AbstractJavaProjectConfigurator - Adding source folder /myProject/src/main/java
2019-11-04 11:50:43,447 [Worker-0] INFO  o.e.m.j.i.AbstractJavaProjectConfigurator - Resources folder /myProject/src/main/java overlaps with sources folder /myProject/src/main/java
2019-11-04 11:50:43,448 [Worker-0] INFO  o.e.m.j.i.AbstractJavaProjectConfigurator - Adding resource folder /myProject/src/main/resources
2019-11-04 11:50:43,449 [Worker-0] INFO  o.e.m.j.i.AbstractJavaProjectConfigurator - Adding source folder /myProject/src/test/java
2019-11-04 11:50:45,307 [Worker-0] INFO  o.e.m.c.i.p.ProjectConfigurationManager - Imported and configured 1 project(s) in 28 sec
2019-11-04 11:50:56,257 [Worker-10] INFO  o.e.m.c.i.embedder.EclipseLogger - Using 'UTF-8' encoding to copy filtered resources.
2019-11-04 11:50:56,269 [Worker-10] INFO  o.e.m.c.i.embedder.EclipseLogger - Copying 6 resources
2019-11-04 11:50:56,406 [Worker-10] INFO  o.e.m.c.i.embedder.EclipseLogger - Copying 5 resources
2019-11-04 11:50:56,475 [Worker-10] INFO  o.e.m.c.i.embedder.EclipseLogger - Using 'UTF-8' encoding to copy filtered resources.
2019-11-04 11:50:56,475 [Worker-10] INFO  o.e.m.c.i.embedder.EclipseLogger - skip non existing resourceDirectory F:\myProject\myProject\myProject\src\test\resources
2019-11-04 12:53:11,844 [Worker-77] INFO  o.e.m.c.i.embedder.EclipseLogger - Using 'UTF-8' encoding to copy filtered resources.
2019-11-04 12:53:11,853 [Worker-77] INFO  o.e.m.c.i.embedder.EclipseLogger - Copying 6 resources
2019-11-04 12:53:11,954 [Worker-77] INFO  o.e.m.c.i.embedder.EclipseLogger - Copying 5 resources
2019-11-04 12:53:11,979 [Worker-77] INFO  o.e.m.c.i.embedder.EclipseLogger - Using 'UTF-8' encoding to copy filtered resources.
2019-11-04 12:53:11,980 [Worker-77] INFO  o.e.m.c.i.embedder.EclipseLogger - skip non existing resourceDirectory F:\myProject\myProject\myProject\src\test\resources
2019-11-04 13:10:43,969 [Worker-85] INFO  o.e.m.c.i.embedder.EclipseLogger - Using 'UTF-8' encoding to copy filtered resources.
2019-11-04 13:10:43,969 [Worker-85] INFO  o.e.m.c.i.embedder.EclipseLogger - Copying 0 resource
2019-11-04 13:10:43,969 [Worker-85] INFO  o.e.m.c.i.embedder.EclipseLogger - Copying 0 resource
2019-11-04 13:10:43,970 [Worker-85] INFO  o.e.m.c.i.embedder.EclipseLogger - Using 'UTF-8' encoding to copy filtered resources.
2019-11-04 13:10:43,970 [Worker-85] INFO  o.e.m.c.i.embedder.EclipseLogger - skip non existing resourceDirectory F:\myProject\myProject\myProject\src\test\resources
2019-11-04 13:21:28,393 [Worker-93] INFO  o.e.m.c.i.embedder.EclipseLogger - Using 'UTF-8' encoding to copy filtered resources.
2019-11-04 13:21:28,393 [Worker-93] INFO  o.e.m.c.i.embedder.EclipseLogger - Copying 0 resource
2019-11-04 13:21:28,393 [Worker-93] INFO  o.e.m.c.i.embedder.EclipseLogger - Copying 0 resource
2019-11-04 13:21:28,394 [Worker-93] INFO  o.e.m.c.i.embedder.EclipseLogger - Using 'UTF-8' encoding to copy filtered resources.
2019-11-04 13:21:28,394 [Worker-93] INFO  o.e.m.c.i.embedder.EclipseLogger - skip non existing resourceDirectory F:\myProject\myProject\myProject\src\test\resources
2019-11-05 09:20:46,789 [Worker-5] INFO  o.e.m.c.i.embedder.EclipseLogger - Using 'UTF-8' encoding to copy filtered resources.
2019-11-05 09:20:46,903 [Worker-5] INFO  o.e.m.c.i.embedder.EclipseLogger - Copying 6 resources
2019-11-05 09:20:48,053 [Worker-5] INFO  o.e.m.c.i.embedder.EclipseLogger - Copying 5 resources
2019-11-05 09:20:48,110 [Worker-5] INFO  o.e.m.c.i.embedder.EclipseLogger - Using 'UTF-8' encoding to copy filtered resources.
2019-11-05 09:20:48,111 [Worker-5] INFO  o.e.m.c.i.embedder.EclipseLogger - skip non existing resourceDirectory F:\myProject\myProject\myProject\src\test\resources
2019-11-05 09:35:28,276 [Worker-57] INFO  o.e.m.c.i.embedder.EclipseLogger - Using 'UTF-8' encoding to copy filtered resources.
2019-11-05 09:35:28,293 [Worker-57] INFO  o.e.m.c.i.embedder.EclipseLogger - Copying 0 resource
2019-11-05 09:35:28,294 [Worker-57] INFO  o.e.m.c.i.embedder.EclipseLogger - Copying 0 resource
2019-11-05 09:35:28,296 [Worker-57] INFO  o.e.m.c.i.embedder.EclipseLogger - Using 'UTF-8' encoding to copy filtered resources.
2019-11-05 09:35:28,298 [Worker-57] INFO  o.e.m.c.i.embedder.EclipseLogger - skip non existing resourceDirectory F:\myProject\myProject\myProject\src\test\resources
2019-11-05 17:34:07,827 [Worker-221] INFO  o.e.m.c.i.embedder.EclipseLogger - Using 'UTF-8' encoding to copy filtered resources.
2019-11-05 17:34:07,932 [Worker-221] INFO  o.e.m.c.i.embedder.EclipseLogger - Copying 0 resource
2019-11-05 17:34:07,932 [Worker-221] INFO  o.e.m.c.i.embedder.EclipseLogger - Copying 0 resource
2019-11-05 17:34:07,934 [Worker-221] INFO  o.e.m.c.i.embedder.EclipseLogger - Using 'UTF-8' encoding to copy filtered resources.
2019-11-05 17:34:07,934 [Worker-221] INFO  o.e.m.c.i.embedder.EclipseLogger - skip non existing resourceDirectory F:\myProject\myProject\myProject\src\test\resources
2019-11-05 17:38:36,879 [Worker-233] INFO  o.e.m.c.i.embedder.EclipseLogger - Using 'UTF-8' encoding to copy filtered resources.
2019-11-05 17:38:36,922 [Worker-233] INFO  o.e.m.c.i.embedder.EclipseLogger - Copying 0 resource
2019-11-05 17:38:36,923 [Worker-233] INFO  o.e.m.c.i.embedder.EclipseLogger - Copying 0 resource
2019-11-05 17:38:36,924 [Worker-233] INFO  o.e.m.c.i.embedder.EclipseLogger - Using 'UTF-8' encoding to copy filtered resources.
2019-11-05 17:38:36,924 [Worker-233] INFO  o.e.m.c.i.embedder.EclipseLogger - skip non existing resourceDirectory F:\myProject\myProject\myProject\src\test\resources
2019-11-05 18:17:25,498 [Worker-252] WARN  o.e.r.models.ModelRepository - Failed to download org.eclipse.recommenders:index::zip:0.0.0
org.eclipse.aether.resolution.ArtifactResolutionException: Could not find artifact org.eclipse.recommenders:index:zip:0.0.0-SNAPSHOT in models (http://download.eclipse.org/recommenders/models/mars/)
	at org.eclipse.aether.internal.impl.DefaultArtifactResolver.resolve(DefaultArtifactResolver.java:444) ~[na:na]
	at org.eclipse.aether.internal.impl.DefaultArtifactResolver.resolveArtifacts(DefaultArtifactResolver.java:246) ~[na:na]
	at org.eclipse.aether.internal.impl.DefaultArtifactResolver.resolveArtifact(DefaultArtifactResolver.java:223) ~[na:na]
	at org.eclipse.aether.internal.impl.DefaultRepositorySystem.resolveArtifact(DefaultRepositorySystem.java:294) ~[na:na]
	at org.eclipse.recommenders.models.ModelRepository.resolveInternal(ModelRepository.java:192) [org.eclipse.recommenders.models_2.3.0.v20160216-1255.jar:na]
	at org.eclipse.recommenders.models.ModelRepository.resolve(ModelRepository.java:174) [org.eclipse.recommenders.models_2.3.0.v20160216-1255.jar:na]
	at org.eclipse.recommenders.internal.models.rcp.EclipseModelRepository.resolve(EclipseModelRepository.java:165) [org.eclipse.recommenders.models.rcp_2.3.0.v20160216-1255.jar:na]
	at org.eclipse.recommenders.internal.models.rcp.DownloadModelArchiveJob.run(DownloadModelArchiveJob.java:76) [org.eclipse.recommenders.models.rcp_2.3.0.v20160216-1255.jar:na]
	at org.eclipse.core.internal.jobs.Worker.run(Worker.java:55) [org.eclipse.core.jobs_3.7.0.v20150330-2103.jar:na]
Caused by: org.eclipse.aether.transfer.ArtifactNotFoundException: Could not find artifact org.eclipse.recommenders:index:zip:0.0.0-SNAPSHOT in models (http://download.eclipse.org/recommenders/models/mars/)
	at org.eclipse.aether.connector.basic.ArtifactTransportListener.transferFailed(ArtifactTransportListener.java:39) ~[org.eclipse.aether.connector.basic_1.0.1.v20141111.jar:na]
	at org.eclipse.aether.connector.basic.BasicRepositoryConnector$TaskRunner.run(BasicRepositoryConnector.java:355) ~[org.eclipse.aether.connector.basic_1.0.1.v20141111.jar:na]
	at org.eclipse.aether.util.concurrency.RunnableErrorForwarder$1.run(RunnableErrorForwarder.java:67) ~[na:na]
	at org.eclipse.aether.connector.basic.BasicRepositoryConnector$DirectExecutor.execute(BasicRepositoryConnector.java:581) ~[org.eclipse.aether.connector.basic_1.0.1.v20141111.jar:na]
	at org.eclipse.aether.connector.basic.BasicRepositoryConnector.get(BasicRepositoryConnector.java:249) ~[org.eclipse.aether.connector.basic_1.0.1.v20141111.jar:na]
	at org.eclipse.aether.internal.impl.DefaultArtifactResolver.performDownloads(DefaultArtifactResolver.java:520) ~[na:na]
	at org.eclipse.aether.internal.impl.DefaultArtifactResolver.resolve(DefaultArtifactResolver.java:421) ~[na:na]
	... 8 common frames omitted
2019-11-05 18:17:59,159 [Worker-221] INFO  o.e.m.c.i.embedder.EclipseLogger - Using 'UTF-8' encoding to copy filtered resources.
2019-11-05 18:17:59,549 [Worker-221] INFO  o.e.m.c.i.embedder.EclipseLogger - Copying 6 resources
2019-11-05 18:17:59,668 [Worker-221] INFO  o.e.m.c.i.embedder.EclipseLogger - Copying 5 resources
2019-11-05 18:17:59,670 [Worker-221] INFO  o.e.m.c.i.embedder.EclipseLogger - Using 'UTF-8' encoding to copy filtered resources.
2019-11-05 18:17:59,670 [Worker-221] INFO  o.e.m.c.i.embedder.EclipseLogger - skip non existing resourceDirectory F:\myProject\myProject\myProject\src\test\resources
2019-11-05 18:19:14,942 [Worker-252] INFO  o.e.m.c.i.embedder.EclipseLogger - Using 'UTF-8' encoding to copy filtered resources.
2019-11-05 18:19:14,951 [Worker-252] INFO  o.e.m.c.i.embedder.EclipseLogger - Copying 6 resources
2019-11-05 18:19:14,953 [Worker-252] INFO  o.e.m.c.i.embedder.EclipseLogger - Copying 5 resources
2019-11-05 18:19:14,955 [Worker-252] INFO  o.e.m.c.i.embedder.EclipseLogger - Using 'UTF-8' encoding to copy filtered resources.
2019-11-05 18:19:14,955 [Worker-252] INFO  o.e.m.c.i.embedder.EclipseLogger - skip non existing resourceDirectory F:\myProject\myProject\myProject\src\test\resources
2019-11-06 08:58:28,504 [Worker-3] INFO  o.e.m.c.i.embedder.EclipseLogger - Using 'UTF-8' encoding to copy filtered resources.
2019-11-06 08:58:28,552 [Worker-3] INFO  o.e.m.c.i.embedder.EclipseLogger - Copying 6 resources
2019-11-06 08:58:28,605 [Worker-3] INFO  o.e.m.c.i.embedder.EclipseLogger - Copying 5 resources
2019-11-06 08:58:28,632 [Worker-3] INFO  o.e.m.c.i.embedder.EclipseLogger - Using 'UTF-8' encoding to copy filtered resources.
2019-11-06 08:58:28,632 [Worker-3] INFO  o.e.m.c.i.embedder.EclipseLogger - skip non existing resourceDirectory F:\myProject\myProject\myProject\src\test\resources
2019-11-06 08:59:00,851 [Worker-23] INFO  o.e.m.c.i.embedder.EclipseLogger - Using 'UTF-8' encoding to copy filtered resources.
2019-11-06 08:59:00,865 [Worker-23] INFO  o.e.m.c.i.embedder.EclipseLogger - Copying 6 resources
2019-11-06 08:59:00,868 [Worker-23] INFO  o.e.m.c.i.embedder.EclipseLogger - Copying 5 resources
2019-11-06 08:59:00,869 [Worker-23] INFO  o.e.m.c.i.embedder.EclipseLogger - Using 'UTF-8' encoding to copy filtered resources.
2019-11-06 08:59:00,870 [Worker-23] INFO  o.e.m.c.i.embedder.EclipseLogger - skip non existing resourceDirectory F:\myProject\myProject\myProject\src\test\resources
2019-11-06 12:05:35,151 [Worker-140] INFO  o.e.m.c.i.embedder.EclipseLogger - Using 'UTF-8' encoding to copy filtered resources.
2019-11-06 12:05:35,228 [Worker-140] INFO  o.e.m.c.i.embedder.EclipseLogger - Copying 0 resource
2019-11-06 12:05:35,229 [Worker-140] INFO  o.e.m.c.i.embedder.EclipseLogger - Copying 0 resource
2019-11-06 12:05:35,249 [Worker-140] INFO  o.e.m.c.i.embedder.EclipseLogger - Using 'UTF-8' encoding to copy filtered resources.
2019-11-06 12:05:35,249 [Worker-140] INFO  o.e.m.c.i.embedder.EclipseLogger - skip non existing resourceDirectory F:\myProject\myProject\myProject\src\test\resources
2019-11-06 15:04:45,648 [Worker-217] INFO  o.e.m.c.i.embedder.EclipseLogger - Using 'UTF-8' encoding to copy filtered resources.
2019-11-06 15:04:45,661 [Worker-217] INFO  o.e.m.c.i.embedder.EclipseLogger - Copying 0 resource
2019-11-06 15:04:45,661 [Worker-217] INFO  o.e.m.c.i.embedder.EclipseLogger - Copying 0 resource
2019-11-06 15:04:45,662 [Worker-217] INFO  o.e.m.c.i.embedder.EclipseLogger - Using 'UTF-8' encoding to copy filtered resources.
2019-11-06 15:04:45,662 [Worker-217] INFO  o.e.m.c.i.embedder.EclipseLogger - skip non existing resourceDirectory F:\myProject\myProject\myProject\src\test\resources
2019-11-06 15:06:53,694 [Worker-222] INFO  o.e.m.c.i.embedder.EclipseLogger - Using 'UTF-8' encoding to copy filtered resources.
2019-11-06 15:06:53,695 [Worker-222] INFO  o.e.m.c.i.embedder.EclipseLogger - Copying 0 resource
2019-11-06 15:06:53,695 [Worker-222] INFO  o.e.m.c.i.embedder.EclipseLogger - Copying 0 resource
2019-11-06 15:06:53,696 [Worker-222] INFO  o.e.m.c.i.embedder.EclipseLogger - Using 'UTF-8' encoding to copy filtered resources.
2019-11-06 15:06:53,696 [Worker-222] INFO  o.e.m.c.i.embedder.EclipseLogger - skip non existing resourceDirectory F:\myProject\myProject\myProject\src\test\resources
2019-11-06 16:18:12,549 [Worker-247] INFO  o.e.m.c.i.embedder.EclipseLogger - Using 'UTF-8' encoding to copy filtered resources.
2019-11-06 16:18:12,549 [Worker-247] INFO  o.e.m.c.i.embedder.EclipseLogger - Copying 0 resource
2019-11-06 16:18:12,549 [Worker-247] INFO  o.e.m.c.i.embedder.EclipseLogger - Copying 0 resource
2019-11-06 16:18:12,550 [Worker-247] INFO  o.e.m.c.i.embedder.EclipseLogger - Using 'UTF-8' encoding to copy filtered resources.
2019-11-06 16:18:12,550 [Worker-247] INFO  o.e.m.c.i.embedder.EclipseLogger - skip non existing resourceDirectory F:\myProject\myProject\myProject\src\test\resources
2019-11-06 16:28:42,295 [Worker-254] INFO  o.e.m.c.i.embedder.EclipseLogger - Using 'UTF-8' encoding to copy filtered resources.
2019-11-06 16:28:42,370 [Worker-254] INFO  o.e.m.c.i.embedder.EclipseLogger - Copying 6 resources
2019-11-06 16:28:42,814 [Worker-254] INFO  o.e.m.c.i.embedder.EclipseLogger - Copying 5 resources
2019-11-06 16:28:42,853 [Worker-254] INFO  o.e.m.c.i.embedder.EclipseLogger - Using 'UTF-8' encoding to copy filtered resources.
2019-11-06 16:28:42,853 [Worker-254] INFO  o.e.m.c.i.embedder.EclipseLogger - skip non existing resourceDirectory F:\myProject\myProject\myProject\src\test\resources
2019-11-06 17:05:00,432 [Worker-279] WARN  o.e.r.models.ModelRepository - Failed to download org.eclipse.recommenders:index::zip:0.0.0
org.eclipse.aether.resolution.ArtifactResolutionException: Could not find artifact org.eclipse.recommenders:index:zip:0.0.0-SNAPSHOT in models (http://download.eclipse.org/recommenders/models/mars/)
	at org.eclipse.aether.internal.impl.DefaultArtifactResolver.resolve(DefaultArtifactResolver.java:444) ~[na:na]
	at org.eclipse.aether.internal.impl.DefaultArtifactResolver.resolveArtifacts(DefaultArtifactResolver.java:246) ~[na:na]
	at org.eclipse.aether.internal.impl.DefaultArtifactResolver.resolveArtifact(DefaultArtifactResolver.java:223) ~[na:na]
	at org.eclipse.aether.internal.impl.DefaultRepositorySystem.resolveArtifact(DefaultRepositorySystem.java:294) ~[na:na]
	at org.eclipse.recommenders.models.ModelRepository.resolveInternal(ModelRepository.java:192) [org.eclipse.recommenders.models_2.3.0.v20160216-1255.jar:na]
	at org.eclipse.recommenders.models.ModelRepository.resolve(ModelRepository.java:174) [org.eclipse.recommenders.models_2.3.0.v20160216-1255.jar:na]
	at org.eclipse.recommenders.internal.models.rcp.EclipseModelRepository.resolve(EclipseModelRepository.java:165) [org.eclipse.recommenders.models.rcp_2.3.0.v20160216-1255.jar:na]
	at org.eclipse.recommenders.internal.models.rcp.DownloadModelArchiveJob.run(DownloadModelArchiveJob.java:76) [org.eclipse.recommenders.models.rcp_2.3.0.v20160216-1255.jar:na]
	at org.eclipse.core.internal.jobs.Worker.run(Worker.java:55) [org.eclipse.core.jobs_3.7.0.v20150330-2103.jar:na]
Caused by: org.eclipse.aether.transfer.ArtifactNotFoundException: Could not find artifact org.eclipse.recommenders:index:zip:0.0.0-SNAPSHOT in models (http://download.eclipse.org/recommenders/models/mars/)
	at org.eclipse.aether.connector.basic.ArtifactTransportListener.transferFailed(ArtifactTransportListener.java:39) ~[org.eclipse.aether.connector.basic_1.0.1.v20141111.jar:na]
	at org.eclipse.aether.connector.basic.BasicRepositoryConnector$TaskRunner.run(BasicRepositoryConnector.java:355) ~[org.eclipse.aether.connector.basic_1.0.1.v20141111.jar:na]
	at org.eclipse.aether.util.concurrency.RunnableErrorForwarder$1.run(RunnableErrorForwarder.java:67) ~[na:na]
	at org.eclipse.aether.connector.basic.BasicRepositoryConnector$DirectExecutor.execute(BasicRepositoryConnector.java:581) ~[org.eclipse.aether.connector.basic_1.0.1.v20141111.jar:na]
	at org.eclipse.aether.connector.basic.BasicRepositoryConnector.get(BasicRepositoryConnector.java:249) ~[org.eclipse.aether.connector.basic_1.0.1.v20141111.jar:na]
	at org.eclipse.aether.internal.impl.DefaultArtifactResolver.performDownloads(DefaultArtifactResolver.java:520) ~[na:na]
	at org.eclipse.aether.internal.impl.DefaultArtifactResolver.resolve(DefaultArtifactResolver.java:421) ~[na:na]
	... 8 common frames omitted
2019-11-06 17:06:14,448 [Worker-283] INFO  o.e.m.c.i.embedder.EclipseLogger - Using 'UTF-8' encoding to copy filtered resources.
2019-11-06 17:06:14,456 [Worker-283] INFO  o.e.m.c.i.embedder.EclipseLogger - Copying 6 resources
2019-11-06 17:06:14,457 [Worker-283] INFO  o.e.m.c.i.embedder.EclipseLogger - Copying 5 resources
2019-11-06 17:06:14,491 [Worker-283] INFO  o.e.m.c.i.embedder.EclipseLogger - Using 'UTF-8' encoding to copy filtered resources.
2019-11-06 17:06:14,491 [Worker-283] INFO  o.e.m.c.i.embedder.EclipseLogger - skip non existing resourceDirectory F:\myProject\myProject\myProject\src\test\resources
2019-11-06 17:09:55,536 [Worker-266] INFO  o.e.m.c.i.embedder.EclipseLogger - Using 'UTF-8' encoding to copy filtered resources.
2019-11-06 17:09:55,544 [Worker-266] INFO  o.e.m.c.i.embedder.EclipseLogger - Copying 6 resources
2019-11-06 17:09:55,546 [Worker-266] INFO  o.e.m.c.i.embedder.EclipseLogger - Copying 5 resources
2019-11-06 17:09:55,547 [Worker-266] INFO  o.e.m.c.i.embedder.EclipseLogger - Using 'UTF-8' encoding to copy filtered resources.
2019-11-06 17:09:55,547 [Worker-266] INFO  o.e.m.c.i.embedder.EclipseLogger - skip non existing resourceDirectory F:\myProject\myProject\myProject\src\test\resources
2019-11-06 17:10:22,206 [Worker-285] INFO  o.e.m.c.i.embedder.EclipseLogger - Using 'UTF-8' encoding to copy filtered resources.
2019-11-06 17:10:22,214 [Worker-285] INFO  o.e.m.c.i.embedder.EclipseLogger - Copying 6 resources
2019-11-06 17:10:22,216 [Worker-285] INFO  o.e.m.c.i.embedder.EclipseLogger - Copying 5 resources
2019-11-06 17:10:22,217 [Worker-285] INFO  o.e.m.c.i.embedder.EclipseLogger - Using 'UTF-8' encoding to copy filtered resources.
2019-11-06 17:10:22,217 [Worker-285] INFO  o.e.m.c.i.embedder.EclipseLogger - skip non existing resourceDirectory F:\myProject\myProject\myProject\src\test\resources
2019-11-06 17:12:19,627 [Worker-266] INFO  o.e.m.c.i.embedder.EclipseLogger - Using 'UTF-8' encoding to copy filtered resources.
2019-11-06 17:12:19,635 [Worker-266] INFO  o.e.m.c.i.embedder.EclipseLogger - Copying 6 resources
2019-11-06 17:12:19,636 [Worker-266] INFO  o.e.m.c.i.embedder.EclipseLogger - Copying 5 resources
2019-11-06 17:12:19,638 [Worker-266] INFO  o.e.m.c.i.embedder.EclipseLogger - Using 'UTF-8' encoding to copy filtered resources.
2019-11-06 17:12:19,638 [Worker-266] INFO  o.e.m.c.i.embedder.EclipseLogger - skip non existing resourceDirectory F:\myProject\myProject\myProject\src\test\resources
2019-11-06 17:12:26,576 [Worker-266] INFO  o.e.m.c.i.embedder.EclipseLogger - Using 'UTF-8' encoding to copy filtered resources.
2019-11-06 17:12:26,583 [Worker-266] INFO  o.e.m.c.i.embedder.EclipseLogger - Copying 6 resources
2019-11-06 17:12:26,585 [Worker-266] INFO  o.e.m.c.i.embedder.EclipseLogger - Copying 5 resources
2019-11-06 17:12:26,586 [Worker-266] INFO  o.e.m.c.i.embedder.EclipseLogger - Using 'UTF-8' encoding to copy filtered resources.
2019-11-06 17:12:26,586 [Worker-266] INFO  o.e.m.c.i.embedder.EclipseLogger - skip non existing resourceDirectory F:\myProject\myProject\myProject\src\test\resources
2019-11-07 09:06:28,812 [Worker-1] INFO  o.e.m.c.i.embedder.EclipseLogger - Using 'UTF-8' encoding to copy filtered resources.
2019-11-07 09:06:28,860 [Worker-1] INFO  o.e.m.c.i.embedder.EclipseLogger - Copying 6 resources
2019-11-07 09:06:28,871 [Worker-1] INFO  o.e.m.c.i.embedder.EclipseLogger - Copying 5 resources
2019-11-07 09:06:28,898 [Worker-1] INFO  o.e.m.c.i.embedder.EclipseLogger - Using 'UTF-8' encoding to copy filtered resources.
2019-11-07 09:06:28,898 [Worker-1] INFO  o.e.m.c.i.embedder.EclipseLogger - skip non existing resourceDirectory F:\myProject\myProject\myProject\src\test\resources
2019-11-07 09:37:48,355 [Worker-65] INFO  o.e.m.c.i.embedder.EclipseLogger - Using 'UTF-8' encoding to copy filtered resources.
2019-11-07 09:37:48,358 [Worker-65] INFO  o.e.m.c.i.embedder.EclipseLogger - Copying 0 resource
2019-11-07 09:37:48,359 [Worker-65] INFO  o.e.m.c.i.embedder.EclipseLogger - Copying 0 resource
2019-11-07 09:37:48,360 [Worker-65] INFO  o.e.m.c.i.embedder.EclipseLogger - Using 'UTF-8' encoding to copy filtered resources.
2019-11-07 09:37:48,360 [Worker-65] INFO  o.e.m.c.i.embedder.EclipseLogger - skip non existing resourceDirectory F:\myProject\myProject\myProject\src\test\resources
2019-11-07 11:32:11,995 [Worker-117] INFO  o.e.m.c.i.embedder.EclipseLogger - Using 'UTF-8' encoding to copy filtered resources.
2019-11-07 11:32:11,996 [Worker-117] INFO  o.e.m.c.i.embedder.EclipseLogger - Copying 0 resource
2019-11-07 11:32:11,997 [Worker-117] INFO  o.e.m.c.i.embedder.EclipseLogger - Copying 0 resource
2019-11-07 11:32:12,001 [Worker-117] INFO  o.e.m.c.i.embedder.EclipseLogger - Using 'UTF-8' encoding to copy filtered resources.
2019-11-07 11:32:12,001 [Worker-117] INFO  o.e.m.c.i.embedder.EclipseLogger - skip non existing resourceDirectory F:\myProject\myProject\myProject\src\test\resources
2019-11-07 11:35:44,281 [Worker-120] INFO  o.e.m.c.i.embedder.EclipseLogger - Using 'UTF-8' encoding to copy filtered resources.
2019-11-07 11:35:44,281 [Worker-120] INFO  o.e.m.c.i.embedder.EclipseLogger - Copying 0 resource
2019-11-07 11:35:44,281 [Worker-120] INFO  o.e.m.c.i.embedder.EclipseLogger - Copying 0 resource
2019-11-07 11:35:44,282 [Worker-120] INFO  o.e.m.c.i.embedder.EclipseLogger - Using 'UTF-8' encoding to copy filtered resources.
2019-11-07 11:35:44,282 [Worker-120] INFO  o.e.m.c.i.embedder.EclipseLogger - skip non existing resourceDirectory F:\myProject\myProject\myProject\src\test\resources
2019-11-07 11:37:42,463 [Worker-127] INFO  o.e.m.c.i.embedder.EclipseLogger - Using 'UTF-8' encoding to copy filtered resources.
2019-11-07 11:37:42,463 [Worker-127] INFO  o.e.m.c.i.embedder.EclipseLogger - Copying 0 resource
2019-11-07 11:37:42,463 [Worker-127] INFO  o.e.m.c.i.embedder.EclipseLogger - Copying 0 resource
2019-11-07 11:37:42,464 [Worker-127] INFO  o.e.m.c.i.embedder.EclipseLogger - Using 'UTF-8' encoding to copy filtered resources.
2019-11-07 11:37:42,464 [Worker-127] INFO  o.e.m.c.i.embedder.EclipseLogger - skip non existing resourceDirectory F:\myProject\myProject\myProject\src\test\resources
2019-11-07 11:39:03,567 [Worker-130] INFO  o.e.m.c.i.embedder.EclipseLogger - Using 'UTF-8' encoding to copy filtered resources.
2019-11-07 11:39:03,567 [Worker-130] INFO  o.e.m.c.i.embedder.EclipseLogger - Copying 0 resource
2019-11-07 11:39:03,567 [Worker-130] INFO  o.e.m.c.i.embedder.EclipseLogger - Copying 0 resource
2019-11-07 11:39:03,568 [Worker-130] INFO  o.e.m.c.i.embedder.EclipseLogger - Using 'UTF-8' encoding to copy filtered resources.
2019-11-07 11:39:03,568 [Worker-130] INFO  o.e.m.c.i.embedder.EclipseLogger - skip non existing resourceDirectory F:\myProject\myProject\myProject\src\test\resources
2019-11-07 11:39:29,802 [Worker-131] INFO  o.e.m.c.i.embedder.EclipseLogger - Using 'UTF-8' encoding to copy filtered resources.
2019-11-07 11:39:29,803 [Worker-131] INFO  o.e.m.c.i.embedder.EclipseLogger - Copying 0 resource
2019-11-07 11:39:29,803 [Worker-131] INFO  o.e.m.c.i.embedder.EclipseLogger - Copying 0 resource
2019-11-07 11:39:29,804 [Worker-131] INFO  o.e.m.c.i.embedder.EclipseLogger - Using 'UTF-8' encoding to copy filtered resources.
2019-11-07 11:39:29,804 [Worker-131] INFO  o.e.m.c.i.embedder.EclipseLogger - skip non existing resourceDirectory F:\myProject\myProject\myProject\src\test\resources
2019-11-07 11:40:23,873 [Worker-124] INFO  o.e.m.c.i.embedder.EclipseLogger - Using 'UTF-8' encoding to copy filtered resources.
2019-11-07 11:40:23,873 [Worker-124] INFO  o.e.m.c.i.embedder.EclipseLogger - Copying 0 resource
2019-11-07 11:40:23,873 [Worker-124] INFO  o.e.m.c.i.embedder.EclipseLogger - Copying 0 resource
2019-11-07 11:40:23,875 [Worker-124] INFO  o.e.m.c.i.embedder.EclipseLogger - Using 'UTF-8' encoding to copy filtered resources.
2019-11-07 11:40:23,876 [Worker-124] INFO  o.e.m.c.i.embedder.EclipseLogger - skip non existing resourceDirectory F:\myProject\myProject\myProject\src\test\resources
2019-11-07 11:40:58,776 [Worker-116] INFO  o.e.m.c.i.embedder.EclipseLogger - Using 'UTF-8' encoding to copy filtered resources.
2019-11-07 11:40:58,777 [Worker-116] INFO  o.e.m.c.i.embedder.EclipseLogger - Copying 0 resource
2019-11-07 11:40:58,777 [Worker-116] INFO  o.e.m.c.i.embedder.EclipseLogger - Copying 0 resource
2019-11-07 11:40:58,778 [Worker-116] INFO  o.e.m.c.i.embedder.EclipseLogger - Using 'UTF-8' encoding to copy filtered resources.
2019-11-07 11:40:58,787 [Worker-116] INFO  o.e.m.c.i.embedder.EclipseLogger - skip non existing resourceDirectory F:\myProject\myProject\myProject\src\test\resources
2019-11-07 11:56:51,401 [Worker-134] WARN  o.e.r.models.ModelRepository - Failed to download org.eclipse.recommenders:index::zip:0.0.0
org.eclipse.aether.resolution.ArtifactResolutionException: Could not find artifact org.eclipse.recommenders:index:zip:0.0.0-SNAPSHOT in models (http://download.eclipse.org/recommenders/models/mars/)
	at org.eclipse.aether.internal.impl.DefaultArtifactResolver.resolve(DefaultArtifactResolver.java:444) ~[na:na]
	at org.eclipse.aether.internal.impl.DefaultArtifactResolver.resolveArtifacts(DefaultArtifactResolver.java:246) ~[na:na]
	at org.eclipse.aether.internal.impl.DefaultArtifactResolver.resolveArtifact(DefaultArtifactResolver.java:223) ~[na:na]
	at org.eclipse.aether.internal.impl.DefaultRepositorySystem.resolveArtifact(DefaultRepositorySystem.java:294) ~[na:na]
	at org.eclipse.recommenders.models.ModelRepository.resolveInternal(ModelRepository.java:192) [org.eclipse.recommenders.models_2.3.0.v20160216-1255.jar:na]
	at org.eclipse.recommenders.models.ModelRepository.resolve(ModelRepository.java:174) [org.eclipse.recommenders.models_2.3.0.v20160216-1255.jar:na]
	at org.eclipse.recommenders.internal.models.rcp.EclipseModelRepository.resolve(EclipseModelRepository.java:165) [org.eclipse.recommenders.models.rcp_2.3.0.v20160216-1255.jar:na]
	at org.eclipse.recommenders.internal.models.rcp.DownloadModelArchiveJob.run(DownloadModelArchiveJob.java:76) [org.eclipse.recommenders.models.rcp_2.3.0.v20160216-1255.jar:na]
	at org.eclipse.core.internal.jobs.Worker.run(Worker.java:55) [org.eclipse.core.jobs_3.7.0.v20150330-2103.jar:na]
Caused by: org.eclipse.aether.transfer.ArtifactNotFoundException: Could not find artifact org.eclipse.recommenders:index:zip:0.0.0-SNAPSHOT in models (http://download.eclipse.org/recommenders/models/mars/)
	at org.eclipse.aether.connector.basic.ArtifactTransportListener.transferFailed(ArtifactTransportListener.java:39) ~[org.eclipse.aether.connector.basic_1.0.1.v20141111.jar:na]
	at org.eclipse.aether.connector.basic.BasicRepositoryConnector$TaskRunner.run(BasicRepositoryConnector.java:355) ~[org.eclipse.aether.connector.basic_1.0.1.v20141111.jar:na]
	at org.eclipse.aether.util.concurrency.RunnableErrorForwarder$1.run(RunnableErrorForwarder.java:67) ~[na:na]
	at org.eclipse.aether.connector.basic.BasicRepositoryConnector$DirectExecutor.execute(BasicRepositoryConnector.java:581) ~[org.eclipse.aether.connector.basic_1.0.1.v20141111.jar:na]
	at org.eclipse.aether.connector.basic.BasicRepositoryConnector.get(BasicRepositoryConnector.java:249) ~[org.eclipse.aether.connector.basic_1.0.1.v20141111.jar:na]
	at org.eclipse.aether.internal.impl.DefaultArtifactResolver.performDownloads(DefaultArtifactResolver.java:520) ~[na:na]
	at org.eclipse.aether.internal.impl.DefaultArtifactResolver.resolve(DefaultArtifactResolver.java:421) ~[na:na]
	... 8 common frames omitted
2019-11-07 11:58:19,672 [Worker-135] INFO  o.e.m.c.i.embedder.EclipseLogger - Using 'UTF-8' encoding to copy filtered resources.
2019-11-07 11:58:20,007 [Worker-135] INFO  o.e.m.c.i.embedder.EclipseLogger - Copying 6 resources
2019-11-07 11:58:20,054 [Worker-135] INFO  o.e.m.c.i.embedder.EclipseLogger - Copying 5 resources
2019-11-07 11:58:20,056 [Worker-135] INFO  o.e.m.c.i.embedder.EclipseLogger - Using 'UTF-8' encoding to copy filtered resources.
2019-11-07 11:58:20,057 [Worker-135] INFO  o.e.m.c.i.embedder.EclipseLogger - skip non existing resourceDirectory F:\myProject\myProject\myProject\src\test\resources
2019-11-07 11:59:56,604 [Worker-139] INFO  o.e.m.c.i.embedder.EclipseLogger - Using 'UTF-8' encoding to copy filtered resources.
2019-11-07 11:59:56,611 [Worker-139] INFO  o.e.m.c.i.embedder.EclipseLogger - Copying 6 resources
2019-11-07 11:59:56,613 [Worker-139] INFO  o.e.m.c.i.embedder.EclipseLogger - Copying 5 resources
2019-11-07 11:59:56,615 [Worker-139] INFO  o.e.m.c.i.embedder.EclipseLogger - Using 'UTF-8' encoding to copy filtered resources.
2019-11-07 11:59:56,615 [Worker-139] INFO  o.e.m.c.i.embedder.EclipseLogger - skip non existing resourceDirectory F:\myProject\myProject\myProject\src\test\resources
2019-11-07 12:01:08,763 [Worker-137] INFO  o.e.m.c.i.embedder.EclipseLogger - Using 'UTF-8' encoding to copy filtered resources.
2019-11-07 12:01:08,770 [Worker-137] INFO  o.e.m.c.i.embedder.EclipseLogger - Copying 6 resources
2019-11-07 12:01:08,771 [Worker-137] INFO  o.e.m.c.i.embedder.EclipseLogger - Copying 5 resources
2019-11-07 12:01:08,772 [Worker-137] INFO  o.e.m.c.i.embedder.EclipseLogger - Using 'UTF-8' encoding to copy filtered resources.
2019-11-07 12:01:08,773 [Worker-137] INFO  o.e.m.c.i.embedder.EclipseLogger - skip non existing resourceDirectory F:\myProject\myProject\myProject\src\test\resources
2019-11-07 13:02:09,438 [Worker-9] INFO  o.e.m.c.i.embedder.EclipseLogger - Using 'UTF-8' encoding to copy filtered resources.
2019-11-07 13:02:09,495 [Worker-9] INFO  o.e.m.c.i.embedder.EclipseLogger - Copying 6 resources
2019-11-07 13:02:09,513 [Worker-9] INFO  o.e.m.c.i.embedder.EclipseLogger - Copying 5 resources
2019-11-07 13:02:09,515 [Worker-9] INFO  o.e.m.c.i.embedder.EclipseLogger - Using 'UTF-8' encoding to copy filtered resources.
2019-11-07 13:02:09,516 [Worker-9] INFO  o.e.m.c.i.embedder.EclipseLogger - skip non existing resourceDirectory F:\myProject\myProject\myProject\src\test\resources
2019-11-07 13:04:55,944 [Worker-7] INFO  o.e.m.c.i.embedder.EclipseLogger - Using 'UTF-8' encoding to copy filtered resources.
2019-11-07 13:04:55,967 [Worker-7] INFO  o.e.m.c.i.embedder.EclipseLogger - Copying 0 resource
2019-11-07 13:04:55,968 [Worker-7] INFO  o.e.m.c.i.embedder.EclipseLogger - Copying 0 resource
2019-11-07 13:04:55,969 [Worker-7] INFO  o.e.m.c.i.embedder.EclipseLogger - Using 'UTF-8' encoding to copy filtered resources.
2019-11-07 13:04:55,969 [Worker-7] INFO  o.e.m.c.i.embedder.EclipseLogger - skip non existing resourceDirectory F:\myProject\myProject\myProject\src\test\resources
2019-11-07 13:11:10,312 [Worker-23] INFO  o.e.m.c.i.embedder.EclipseLogger - Using 'UTF-8' encoding to copy filtered resources.
2019-11-07 13:11:10,388 [Worker-23] INFO  o.e.m.c.i.embedder.EclipseLogger - Copying 6 resources
2019-11-07 13:11:10,418 [Worker-23] INFO  o.e.m.c.i.embedder.EclipseLogger - Copying 5 resources
2019-11-07 13:11:10,419 [Worker-23] INFO  o.e.m.c.i.embedder.EclipseLogger - Using 'UTF-8' encoding to copy filtered resources.
2019-11-07 13:11:10,419 [Worker-23] INFO  o.e.m.c.i.embedder.EclipseLogger - skip non existing resourceDirectory F:\myProject\myProject\myProject\src\test\resources
2019-11-07 14:04:47,265 [Worker-74] INFO  o.e.m.c.i.embedder.EclipseLogger - Using 'UTF-8' encoding to copy filtered resources.
2019-11-07 14:04:47,360 [Worker-74] INFO  o.e.m.c.i.embedder.EclipseLogger - Copying 6 resources
2019-11-07 14:04:47,378 [Worker-74] INFO  o.e.m.c.i.embedder.EclipseLogger - Copying 5 resources
2019-11-07 14:04:47,380 [Worker-74] INFO  o.e.m.c.i.embedder.EclipseLogger - Using 'UTF-8' encoding to copy filtered resources.
2019-11-07 14:04:47,380 [Worker-74] INFO  o.e.m.c.i.embedder.EclipseLogger - skip non existing resourceDirectory F:\myProject\myProject\myProject\src\test\resources
2019-11-08 09:28:09,826 [Worker-2] INFO  o.e.m.c.i.embedder.EclipseLogger - Using 'UTF-8' encoding to copy filtered resources.
2019-11-08 09:28:09,873 [Worker-2] INFO  o.e.m.c.i.embedder.EclipseLogger - Copying 6 resources
2019-11-08 09:28:09,943 [Worker-2] INFO  o.e.m.c.i.embedder.EclipseLogger - Copying 5 resources
2019-11-08 09:28:10,004 [Worker-2] INFO  o.e.m.c.i.embedder.EclipseLogger - Using 'UTF-8' encoding to copy filtered resources.
2019-11-08 09:28:10,004 [Worker-2] INFO  o.e.m.c.i.embedder.EclipseLogger - skip non existing resourceDirectory F:\myProject\myProject\myProject\src\test\resources
2019-11-08 12:58:07,906 [Worker-4] INFO  o.e.m.c.i.embedder.EclipseLogger - Using 'UTF-8' encoding to copy filtered resources.
2019-11-08 12:58:07,970 [Worker-4] INFO  o.e.m.c.i.embedder.EclipseLogger - Copying 6 resources
2019-11-08 12:58:08,082 [Worker-4] INFO  o.e.m.c.i.embedder.EclipseLogger - Copying 5 resources
2019-11-08 12:58:08,112 [Worker-4] INFO  o.e.m.c.i.embedder.EclipseLogger - Using 'UTF-8' encoding to copy filtered resources.
2019-11-08 12:58:08,112 [Worker-4] INFO  o.e.m.c.i.embedder.EclipseLogger - skip non existing resourceDirectory F:\myProject\myProject\myProject\src\test\resources
2019-11-08 13:37:37,026 [Worker-80] INFO  o.e.m.c.i.embedder.EclipseLogger - Using 'UTF-8' encoding to copy filtered resources.
2019-11-08 13:37:37,095 [Worker-80] INFO  o.e.m.c.i.embedder.EclipseLogger - Copying 0 resource
2019-11-08 13:37:37,169 [Worker-80] INFO  o.e.m.c.i.embedder.EclipseLogger - Copying 1 resource
2019-11-08 13:37:37,199 [Worker-80] INFO  o.e.m.c.i.embedder.EclipseLogger - Using 'UTF-8' encoding to copy filtered resources.
2019-11-08 13:37:37,199 [Worker-80] INFO  o.e.m.c.i.embedder.EclipseLogger - skip non existing resourceDirectory F:\myProject\myProject\myProject\src\test\resources
2019-12-10 16:12:08,669 [Worker-6] INFO  o.e.m.c.i.l.LifecycleMappingFactory - Using org.maven.ide.eclipse.wtp.WarLifecycleMapping lifecycle mapping for MavenProject: www.ccj.com.myProject:myProject:0.0.1-SNAPSHOT @ F:\myProject\myProject\myProject\pom.xml.
2019-12-10 16:12:15,767 [Worker-6] INFO  o.e.m.c.i.embedder.EclipseLogger - Using 'UTF-8' encoding to copy filtered resources.
2019-12-10 16:12:15,803 [Worker-6] INFO  o.e.m.c.i.embedder.EclipseLogger - Copying 6 resources
2019-12-10 16:12:15,817 [Worker-6] INFO  o.e.m.c.i.embedder.EclipseLogger - Copying 6 resources
2019-12-10 16:12:15,878 [Worker-6] INFO  o.e.m.c.i.embedder.EclipseLogger - Using 'UTF-8' encoding to copy filtered resources.
2019-12-10 16:12:15,878 [Worker-6] INFO  o.e.m.c.i.embedder.EclipseLogger - skip non existing resourceDirectory F:\myProject\myProject\myProject\src\test\resources
2019-12-10 16:12:15,883 [Worker-6] INFO  o.e.m.w.i.f.ResourceFilteringBuildParticipant - Changed resources require a complete clean of filtered resources of myProject
2019-12-10 16:12:15,883 [Worker-6] INFO  o.e.m.w.i.f.ResourceFilteringBuildParticipant - Executing resource filtering for myProject
2019-12-10 16:12:15,887 [Worker-6] INFO  o.e.m.c.i.embedder.EclipseLogger - Using 'UTF-8' encoding to copy filtered resources.
2019-12-10 17:33:05,952 [Worker-79] WARN  o.e.r.models.ModelRepository - Failed to download org.eclipse.recommenders:index::zip:0.0.0
org.eclipse.aether.resolution.ArtifactResolutionException: Could not find artifact org.eclipse.recommenders:index:zip:0.0.0-SNAPSHOT in models (http://download.eclipse.org/recommenders/models/mars/)
	at org.eclipse.aether.internal.impl.DefaultArtifactResolver.resolve(DefaultArtifactResolver.java:444) ~[na:na]
	at org.eclipse.aether.internal.impl.DefaultArtifactResolver.resolveArtifacts(DefaultArtifactResolver.java:246) ~[na:na]
	at org.eclipse.aether.internal.impl.DefaultArtifactResolver.resolveArtifact(DefaultArtifactResolver.java:223) ~[na:na]
	at org.eclipse.aether.internal.impl.DefaultRepositorySystem.resolveArtifact(DefaultRepositorySystem.java:294) ~[na:na]
	at org.eclipse.recommenders.models.ModelRepository.resolveInternal(ModelRepository.java:192) [org.eclipse.recommenders.models_2.3.0.v20160216-1255.jar:na]
	at org.eclipse.recommenders.models.ModelRepository.resolve(ModelRepository.java:174) [org.eclipse.recommenders.models_2.3.0.v20160216-1255.jar:na]
	at org.eclipse.recommenders.internal.models.rcp.EclipseModelRepository.resolve(EclipseModelRepository.java:165) [org.eclipse.recommenders.models.rcp_2.3.0.v20160216-1255.jar:na]
	at org.eclipse.recommenders.internal.models.rcp.DownloadModelArchiveJob.run(DownloadModelArchiveJob.java:76) [org.eclipse.recommenders.models.rcp_2.3.0.v20160216-1255.jar:na]
	at org.eclipse.core.internal.jobs.Worker.run(Worker.java:55) [org.eclipse.core.jobs_3.7.0.v20150330-2103.jar:na]
Caused by: org.eclipse.aether.transfer.ArtifactNotFoundException: Could not find artifact org.eclipse.recommenders:index:zip:0.0.0-SNAPSHOT in models (http://download.eclipse.org/recommenders/models/mars/)
	at org.eclipse.aether.connector.basic.ArtifactTransportListener.transferFailed(ArtifactTransportListener.java:39) ~[org.eclipse.aether.connector.basic_1.0.1.v20141111.jar:na]
	at org.eclipse.aether.connector.basic.BasicRepositoryConnector$TaskRunner.run(BasicRepositoryConnector.java:355) ~[org.eclipse.aether.connector.basic_1.0.1.v20141111.jar:na]
	at org.eclipse.aether.util.concurrency.RunnableErrorForwarder$1.run(RunnableErrorForwarder.java:67) ~[na:na]
	at org.eclipse.aether.connector.basic.BasicRepositoryConnector$DirectExecutor.execute(BasicRepositoryConnector.java:581) ~[org.eclipse.aether.connector.basic_1.0.1.v20141111.jar:na]
	at org.eclipse.aether.connector.basic.BasicRepositoryConnector.get(BasicRepositoryConnector.java:249) ~[org.eclipse.aether.connector.basic_1.0.1.v20141111.jar:na]
	at org.eclipse.aether.internal.impl.DefaultArtifactResolver.performDownloads(DefaultArtifactResolver.java:520) ~[na:na]
	at org.eclipse.aether.internal.impl.DefaultArtifactResolver.resolve(DefaultArtifactResolver.java:421) ~[na:na]
	... 8 common frames omitted
2019-12-10 17:34:51,975 [Worker-78] INFO  o.e.m.c.i.embedder.EclipseLogger - Using 'UTF-8' encoding to copy filtered resources.
2019-12-10 17:34:52,306 [Worker-78] INFO  o.e.m.c.i.embedder.EclipseLogger - Copying 6 resources
2019-12-10 17:34:52,367 [Worker-78] INFO  o.e.m.c.i.embedder.EclipseLogger - Copying 6 resources
2019-12-10 17:34:52,369 [Worker-78] INFO  o.e.m.c.i.embedder.EclipseLogger - Using 'UTF-8' encoding to copy filtered resources.
2019-12-10 17:34:52,369 [Worker-78] INFO  o.e.m.c.i.embedder.EclipseLogger - skip non existing resourceDirectory F:\myProject\myProject\myProject\src\test\resources
2019-12-10 17:39:01,209 [Worker-84] INFO  o.e.m.c.i.embedder.EclipseLogger - Using 'UTF-8' encoding to copy filtered resources.
2019-12-10 17:39:01,218 [Worker-84] INFO  o.e.m.c.i.embedder.EclipseLogger - Copying 6 resources
2019-12-10 17:39:01,221 [Worker-84] INFO  o.e.m.c.i.embedder.EclipseLogger - Copying 6 resources
2019-12-10 17:39:01,223 [Worker-84] INFO  o.e.m.c.i.embedder.EclipseLogger - Using 'UTF-8' encoding to copy filtered resources.
2019-12-10 17:39:01,223 [Worker-84] INFO  o.e.m.c.i.embedder.EclipseLogger - skip non existing resourceDirectory F:\myProject\myProject\myProject\src\test\resources
2019-12-10 17:39:21,589 [Worker-86] INFO  o.e.m.c.i.embedder.EclipseLogger - Using 'UTF-8' encoding to copy filtered resources.
2019-12-10 17:39:21,599 [Worker-86] INFO  o.e.m.c.i.embedder.EclipseLogger - Copying 6 resources
2019-12-10 17:39:21,603 [Worker-86] INFO  o.e.m.c.i.embedder.EclipseLogger - Copying 6 resources
2019-12-10 17:39:21,607 [Worker-86] INFO  o.e.m.c.i.embedder.EclipseLogger - Using 'UTF-8' encoding to copy filtered resources.
2019-12-10 17:39:21,607 [Worker-86] INFO  o.e.m.c.i.embedder.EclipseLogger - skip non existing resourceDirectory F:\myProject\myProject\myProject\src\test\resources
2019-12-10 17:42:59,629 [Worker-88] INFO  o.e.m.c.i.embedder.EclipseLogger - Using 'UTF-8' encoding to copy filtered resources.
2019-12-10 17:42:59,674 [Worker-88] INFO  o.e.m.c.i.embedder.EclipseLogger - Copying 6 resources
2019-12-10 17:42:59,697 [Worker-88] INFO  o.e.m.c.i.embedder.EclipseLogger - Copying 6 resources
2019-12-10 17:42:59,699 [Worker-88] INFO  o.e.m.c.i.embedder.EclipseLogger - Using 'UTF-8' encoding to copy filtered resources.
2019-12-10 17:42:59,699 [Worker-88] INFO  o.e.m.c.i.embedder.EclipseLogger - skip non existing resourceDirectory F:\myProject\myProject\myProject\src\test\resources
2019-12-10 17:44:41,384 [Worker-86] INFO  o.e.m.c.i.embedder.EclipseLogger - Using 'UTF-8' encoding to copy filtered resources.
2019-12-10 17:44:41,385 [Worker-86] INFO  o.e.m.c.i.embedder.EclipseLogger - Copying 0 resource
2019-12-10 17:44:41,385 [Worker-86] INFO  o.e.m.c.i.embedder.EclipseLogger - Copying 0 resource
2019-12-10 17:44:41,387 [Worker-86] INFO  o.e.m.c.i.embedder.EclipseLogger - Using 'UTF-8' encoding to copy filtered resources.
2019-12-10 17:44:41,387 [Worker-86] INFO  o.e.m.c.i.embedder.EclipseLogger - skip non existing resourceDirectory F:\myProject\myProject\myProject\src\test\resources
2019-12-10 17:46:07,280 [Worker-87] INFO  o.e.m.c.i.embedder.EclipseLogger - Using 'UTF-8' encoding to copy filtered resources.
2019-12-10 17:46:07,282 [Worker-87] INFO  o.e.m.c.i.embedder.EclipseLogger - Copying 0 resource
2019-12-10 17:46:07,283 [Worker-87] INFO  o.e.m.c.i.embedder.EclipseLogger - Copying 0 resource
2019-12-10 17:46:07,283 [Worker-87] INFO  o.e.m.c.i.embedder.EclipseLogger - Using 'UTF-8' encoding to copy filtered resources.
2019-12-10 17:46:07,284 [Worker-87] INFO  o.e.m.c.i.embedder.EclipseLogger - skip non existing resourceDirectory F:\myProject\myProject\myProject\src\test\resources
2019-12-10 17:47:25,961 [Worker-91] INFO  o.e.m.c.i.embedder.EclipseLogger - Using 'UTF-8' encoding to copy filtered resources.
2019-12-10 17:47:25,969 [Worker-91] INFO  o.e.m.c.i.embedder.EclipseLogger - Copying 6 resources
2019-12-10 17:47:25,970 [Worker-91] INFO  o.e.m.c.i.embedder.EclipseLogger - Copying 6 resources
2019-12-10 17:47:25,972 [Worker-91] INFO  o.e.m.c.i.embedder.EclipseLogger - Using 'UTF-8' encoding to copy filtered resources.
2019-12-10 17:47:25,972 [Worker-91] INFO  o.e.m.c.i.embedder.EclipseLogger - skip non existing resourceDirectory F:\myProject\myProject\myProject\src\test\resources
2019-12-10 17:48:31,951 [Worker-93] INFO  o.e.m.c.i.embedder.EclipseLogger - Using 'UTF-8' encoding to copy filtered resources.
2019-12-10 17:48:31,952 [Worker-93] INFO  o.e.m.c.i.embedder.EclipseLogger - Copying 0 resource
2019-12-10 17:48:31,952 [Worker-93] INFO  o.e.m.c.i.embedder.EclipseLogger - Copying 0 resource
2019-12-10 17:48:31,955 [Worker-93] INFO  o.e.m.c.i.embedder.EclipseLogger - Using 'UTF-8' encoding to copy filtered resources.
2019-12-10 17:48:31,955 [Worker-93] INFO  o.e.m.c.i.embedder.EclipseLogger - skip non existing resourceDirectory F:\myProject\myProject\myProject\src\test\resources
2019-12-10 17:53:56,671 [Worker-96] INFO  o.e.m.c.i.embedder.EclipseLogger - Using 'UTF-8' encoding to copy filtered resources.
2019-12-10 17:53:56,678 [Worker-96] INFO  o.e.m.c.i.embedder.EclipseLogger - Copying 6 resources
2019-12-10 17:53:56,679 [Worker-96] INFO  o.e.m.c.i.embedder.EclipseLogger - Copying 6 resources
2019-12-10 17:53:56,681 [Worker-96] INFO  o.e.m.c.i.embedder.EclipseLogger - Using 'UTF-8' encoding to copy filtered resources.
2019-12-10 17:53:56,681 [Worker-96] INFO  o.e.m.c.i.embedder.EclipseLogger - skip non existing resourceDirectory F:\myProject\myProject\myProject\src\test\resources
2019-12-10 18:08:29,615 [Worker-1] INFO  o.e.m.c.i.embedder.EclipseLogger - Using 'UTF-8' encoding to copy filtered resources.
2019-12-10 18:08:29,623 [Worker-1] INFO  o.e.m.c.i.embedder.EclipseLogger - Copying 6 resources
2019-12-10 18:08:29,627 [Worker-1] INFO  o.e.m.c.i.embedder.EclipseLogger - Copying 6 resources
2019-12-10 18:08:29,630 [Worker-1] INFO  o.e.m.c.i.embedder.EclipseLogger - Using 'UTF-8' encoding to copy filtered resources.
2019-12-10 18:08:29,630 [Worker-1] INFO  o.e.m.c.i.embedder.EclipseLogger - skip non existing resourceDirectory F:\myProject\myProject\myProject\src\test\resources
2019-12-10 18:12:37,203 [Worker-8] INFO  o.e.m.c.i.embedder.EclipseLogger - Using 'UTF-8' encoding to copy filtered resources.
2019-12-10 18:12:37,214 [Worker-8] INFO  o.e.m.c.i.embedder.EclipseLogger - Copying 6 resources
2019-12-10 18:12:37,219 [Worker-8] INFO  o.e.m.c.i.embedder.EclipseLogger - Copying 6 resources
2019-12-10 18:12:37,220 [Worker-8] INFO  o.e.m.c.i.embedder.EclipseLogger - Using 'UTF-8' encoding to copy filtered resources.
2019-12-10 18:12:37,220 [Worker-8] INFO  o.e.m.c.i.embedder.EclipseLogger - skip non existing resourceDirectory F:\myProject\myProject\myProject\src\test\resources
2019-12-10 18:15:03,984 [Worker-19] INFO  o.e.m.c.i.embedder.EclipseLogger - Using 'UTF-8' encoding to copy filtered resources.
2019-12-10 18:15:03,992 [Worker-19] INFO  o.e.m.c.i.embedder.EclipseLogger - Copying 6 resources
2019-12-10 18:15:03,993 [Worker-19] INFO  o.e.m.c.i.embedder.EclipseLogger - Copying 6 resources
2019-12-10 18:15:03,995 [Worker-19] INFO  o.e.m.c.i.embedder.EclipseLogger - Using 'UTF-8' encoding to copy filtered resources.
2019-12-10 18:15:03,995 [Worker-19] INFO  o.e.m.c.i.embedder.EclipseLogger - skip non existing resourceDirectory F:\myProject\myProject\myProject\src\test\resources
2019-12-10 18:15:49,402 [Worker-19] INFO  o.e.m.c.i.embedder.EclipseLogger - Using 'UTF-8' encoding to copy filtered resources.
2019-12-10 18:15:49,411 [Worker-19] INFO  o.e.m.c.i.embedder.EclipseLogger - Copying 6 resources
2019-12-10 18:15:49,413 [Worker-19] INFO  o.e.m.c.i.embedder.EclipseLogger - Copying 6 resources
2019-12-10 18:15:49,414 [Worker-19] INFO  o.e.m.c.i.embedder.EclipseLogger - Using 'UTF-8' encoding to copy filtered resources.
2019-12-10 18:15:49,414 [Worker-19] INFO  o.e.m.c.i.embedder.EclipseLogger - skip non existing resourceDirectory F:\myProject\myProject\myProject\src\test\resources
2019-12-10 18:21:46,440 [Worker-31] INFO  o.e.m.c.i.embedder.EclipseLogger - Using 'UTF-8' encoding to copy filtered resources.
2019-12-10 18:21:46,448 [Worker-31] INFO  o.e.m.c.i.embedder.EclipseLogger - Copying 6 resources
2019-12-10 18:21:46,449 [Worker-31] INFO  o.e.m.c.i.embedder.EclipseLogger - Copying 6 resources
2019-12-10 18:21:46,450 [Worker-31] INFO  o.e.m.c.i.embedder.EclipseLogger - Using 'UTF-8' encoding to copy filtered resources.
2019-12-10 18:21:46,451 [Worker-31] INFO  o.e.m.c.i.embedder.EclipseLogger - skip non existing resourceDirectory F:\myProject\myProject\myProject\src\test\resources
2019-12-10 18:22:02,043 [Worker-26] INFO  o.e.m.c.i.embedder.EclipseLogger - Using 'UTF-8' encoding to copy filtered resources.
2019-12-10 18:22:02,049 [Worker-26] INFO  o.e.m.c.i.embedder.EclipseLogger - Copying 6 resources
2019-12-10 18:22:02,051 [Worker-26] INFO  o.e.m.c.i.embedder.EclipseLogger - Copying 6 resources
2019-12-10 18:22:02,052 [Worker-26] INFO  o.e.m.c.i.embedder.EclipseLogger - Using 'UTF-8' encoding to copy filtered resources.
2019-12-10 18:22:02,052 [Worker-26] INFO  o.e.m.c.i.embedder.EclipseLogger - skip non existing resourceDirectory F:\myProject\myProject\myProject\src\test\resources
2019-12-10 18:26:58,583 [Worker-39] INFO  o.e.m.c.i.embedder.EclipseLogger - Using 'UTF-8' encoding to copy filtered resources.
2019-12-10 18:26:58,590 [Worker-39] INFO  o.e.m.c.i.embedder.EclipseLogger - Copying 6 resources
2019-12-10 18:26:58,591 [Worker-39] INFO  o.e.m.c.i.embedder.EclipseLogger - Copying 6 resources
2019-12-10 18:26:58,593 [Worker-39] INFO  o.e.m.c.i.embedder.EclipseLogger - Using 'UTF-8' encoding to copy filtered resources.
2019-12-10 18:26:58,593 [Worker-39] INFO  o.e.m.c.i.embedder.EclipseLogger - skip non existing resourceDirectory F:\myProject\myProject\myProject\src\test\resources
2019-12-10 18:27:20,983 [Worker-42] INFO  o.e.m.c.i.embedder.EclipseLogger - Using 'UTF-8' encoding to copy filtered resources.
2019-12-10 18:27:20,990 [Worker-42] INFO  o.e.m.c.i.embedder.EclipseLogger - Copying 6 resources
2019-12-10 18:27:20,991 [Worker-42] INFO  o.e.m.c.i.embedder.EclipseLogger - Copying 6 resources
2019-12-10 18:27:20,995 [Worker-42] INFO  o.e.m.c.i.embedder.EclipseLogger - Using 'UTF-8' encoding to copy filtered resources.
2019-12-10 18:27:20,995 [Worker-42] INFO  o.e.m.c.i.embedder.EclipseLogger - skip non existing resourceDirectory F:\myProject\myProject\myProject\src\test\resources
2019-12-10 18:28:22,585 [Worker-28] INFO  o.e.m.c.i.embedder.EclipseLogger - Using 'UTF-8' encoding to copy filtered resources.
2019-12-10 18:28:22,592 [Worker-28] INFO  o.e.m.c.i.embedder.EclipseLogger - Copying 6 resources
2019-12-10 18:28:22,594 [Worker-28] INFO  o.e.m.c.i.embedder.EclipseLogger - Copying 6 resources
2019-12-10 18:28:22,595 [Worker-28] INFO  o.e.m.c.i.embedder.EclipseLogger - Using 'UTF-8' encoding to copy filtered resources.
2019-12-10 18:28:22,595 [Worker-28] INFO  o.e.m.c.i.embedder.EclipseLogger - skip non existing resourceDirectory F:\myProject\myProject\myProject\src\test\resources
2019-12-10 18:30:24,232 [Worker-45] INFO  o.e.m.c.i.embedder.EclipseLogger - Using 'UTF-8' encoding to copy filtered resources.
2019-12-10 18:30:24,239 [Worker-45] INFO  o.e.m.c.i.embedder.EclipseLogger - Copying 6 resources
2019-12-10 18:30:24,240 [Worker-45] INFO  o.e.m.c.i.embedder.EclipseLogger - Copying 6 resources
2019-12-10 18:30:24,242 [Worker-45] INFO  o.e.m.c.i.embedder.EclipseLogger - Using 'UTF-8' encoding to copy filtered resources.
2019-12-10 18:30:24,242 [Worker-45] INFO  o.e.m.c.i.embedder.EclipseLogger - skip non existing resourceDirectory F:\myProject\myProject\myProject\src\test\resources
2019-12-10 18:31:13,486 [Worker-45] INFO  o.e.m.c.i.embedder.EclipseLogger - Using 'UTF-8' encoding to copy filtered resources.
2019-12-10 18:31:13,492 [Worker-45] INFO  o.e.m.c.i.embedder.EclipseLogger - Copying 6 resources
2019-12-10 18:31:13,494 [Worker-45] INFO  o.e.m.c.i.embedder.EclipseLogger - Copying 6 resources
2019-12-10 18:31:13,495 [Worker-45] INFO  o.e.m.c.i.embedder.EclipseLogger - Using 'UTF-8' encoding to copy filtered resources.
2019-12-10 18:31:13,495 [Worker-45] INFO  o.e.m.c.i.embedder.EclipseLogger - skip non existing resourceDirectory F:\myProject\myProject\myProject\src\test\resources
2019-12-10 18:32:42,281 [Worker-49] WARN  o.e.r.models.ModelRepository - Failed to download org.eclipse.recommenders:index::zip:0.0.0
org.eclipse.aether.resolution.ArtifactResolutionException: Could not find artifact org.eclipse.recommenders:index:zip:0.0.0-SNAPSHOT in models (http://download.eclipse.org/recommenders/models/mars/)
	at org.eclipse.aether.internal.impl.DefaultArtifactResolver.resolve(DefaultArtifactResolver.java:444) ~[na:na]
	at org.eclipse.aether.internal.impl.DefaultArtifactResolver.resolveArtifacts(DefaultArtifactResolver.java:246) ~[na:na]
	at org.eclipse.aether.internal.impl.DefaultArtifactResolver.resolveArtifact(DefaultArtifactResolver.java:223) ~[na:na]
	at org.eclipse.aether.internal.impl.DefaultRepositorySystem.resolveArtifact(DefaultRepositorySystem.java:294) ~[na:na]
	at org.eclipse.recommenders.models.ModelRepository.resolveInternal(ModelRepository.java:192) [org.eclipse.recommenders.models_2.3.0.v20160216-1255.jar:na]
	at org.eclipse.recommenders.models.ModelRepository.resolve(ModelRepository.java:174) [org.eclipse.recommenders.models_2.3.0.v20160216-1255.jar:na]
	at org.eclipse.recommenders.internal.models.rcp.EclipseModelRepository.resolve(EclipseModelRepository.java:165) [org.eclipse.recommenders.models.rcp_2.3.0.v20160216-1255.jar:na]
	at org.eclipse.recommenders.internal.models.rcp.DownloadModelArchiveJob.run(DownloadModelArchiveJob.java:76) [org.eclipse.recommenders.models.rcp_2.3.0.v20160216-1255.jar:na]
	at org.eclipse.core.internal.jobs.Worker.run(Worker.java:55) [org.eclipse.core.jobs_3.7.0.v20150330-2103.jar:na]
Caused by: org.eclipse.aether.transfer.ArtifactNotFoundException: Could not find artifact org.eclipse.recommenders:index:zip:0.0.0-SNAPSHOT in models (http://download.eclipse.org/recommenders/models/mars/)
	at org.eclipse.aether.connector.basic.ArtifactTransportListener.transferFailed(ArtifactTransportListener.java:39) ~[org.eclipse.aether.connector.basic_1.0.1.v20141111.jar:na]
	at org.eclipse.aether.connector.basic.BasicRepositoryConnector$TaskRunner.run(BasicRepositoryConnector.java:355) ~[org.eclipse.aether.connector.basic_1.0.1.v20141111.jar:na]
	at org.eclipse.aether.util.concurrency.RunnableErrorForwarder$1.run(RunnableErrorForwarder.java:67) ~[na:na]
	at org.eclipse.aether.connector.basic.BasicRepositoryConnector$DirectExecutor.execute(BasicRepositoryConnector.java:581) ~[org.eclipse.aether.connector.basic_1.0.1.v20141111.jar:na]
	at org.eclipse.aether.connector.basic.BasicRepositoryConnector.get(BasicRepositoryConnector.java:249) ~[org.eclipse.aether.connector.basic_1.0.1.v20141111.jar:na]
	at org.eclipse.aether.internal.impl.DefaultArtifactResolver.performDownloads(DefaultArtifactResolver.java:520) ~[na:na]
	at org.eclipse.aether.internal.impl.DefaultArtifactResolver.resolve(DefaultArtifactResolver.java:421) ~[na:na]
	... 8 common frames omitted
2019-12-10 18:33:46,619 [Worker-48] INFO  o.e.m.c.i.embedder.EclipseLogger - Using 'UTF-8' encoding to copy filtered resources.
2019-12-10 18:33:46,626 [Worker-48] INFO  o.e.m.c.i.embedder.EclipseLogger - Copying 6 resources
2019-12-10 18:33:46,627 [Worker-48] INFO  o.e.m.c.i.embedder.EclipseLogger - Copying 6 resources
2019-12-10 18:33:46,628 [Worker-48] INFO  o.e.m.c.i.embedder.EclipseLogger - Using 'UTF-8' encoding to copy filtered resources.
2019-12-10 18:33:46,628 [Worker-48] INFO  o.e.m.c.i.embedder.EclipseLogger - skip non existing resourceDirectory F:\myProject\myProject\myProject\src\test\resources
2019-12-10 18:33:57,024 [Worker-46] INFO  o.e.m.c.i.embedder.EclipseLogger - Using 'UTF-8' encoding to copy filtered resources.
2019-12-10 18:33:57,029 [Worker-46] INFO  o.e.m.c.i.embedder.EclipseLogger - Copying 6 resources
2019-12-10 18:33:57,030 [Worker-46] INFO  o.e.m.c.i.embedder.EclipseLogger - Copying 6 resources
2019-12-10 18:33:57,032 [Worker-46] INFO  o.e.m.c.i.embedder.EclipseLogger - Using 'UTF-8' encoding to copy filtered resources.
2019-12-10 18:33:57,032 [Worker-46] INFO  o.e.m.c.i.embedder.EclipseLogger - skip non existing resourceDirectory F:\myProject\myProject\myProject\src\test\resources
2019-12-10 18:34:16,700 [Worker-49] INFO  o.e.m.w.i.f.ResourceFilteringBuildParticipant - Cleaning filtered folder for myProject
2019-12-10 18:34:18,490 [Worker-46] INFO  o.e.m.c.i.embedder.EclipseLogger - Using 'UTF-8' encoding to copy filtered resources.
2019-12-10 18:34:18,491 [Worker-46] INFO  o.e.m.c.i.embedder.EclipseLogger - Copying 6 resources
2019-12-10 18:34:18,581 [Worker-46] INFO  o.e.m.c.i.embedder.EclipseLogger - Copying 6 resources
2019-12-10 18:34:18,617 [Worker-46] INFO  o.e.m.c.i.embedder.EclipseLogger - Using 'UTF-8' encoding to copy filtered resources.
2019-12-10 18:34:18,617 [Worker-46] INFO  o.e.m.c.i.embedder.EclipseLogger - skip non existing resourceDirectory F:\myProject\myProject\myProject\src\test\resources
2019-12-10 18:34:18,617 [Worker-46] INFO  o.e.m.w.i.f.ResourceFilteringBuildParticipant - Changed resources require a complete clean of filtered resources of myProject
2019-12-10 18:34:18,618 [Worker-46] INFO  o.e.m.w.i.f.ResourceFilteringBuildParticipant - Executing resource filtering for myProject
2019-12-10 18:34:19,105 [Worker-46] INFO  o.e.m.c.i.embedder.EclipseLogger - Using 'UTF-8' encoding to copy filtered resources.
2019-12-11 09:08:37,566 [Worker-1] INFO  o.e.m.c.i.embedder.EclipseLogger - Using 'UTF-8' encoding to copy filtered resources.
2019-12-11 09:08:37,605 [Worker-1] INFO  o.e.m.c.i.embedder.EclipseLogger - Copying 6 resources
2019-12-11 09:08:37,631 [Worker-1] INFO  o.e.m.c.i.embedder.EclipseLogger - Copying 6 resources
2019-12-11 09:08:37,634 [Worker-1] INFO  o.e.m.c.i.embedder.EclipseLogger - Using 'UTF-8' encoding to copy filtered resources.
2019-12-11 09:08:37,635 [Worker-1] INFO  o.e.m.c.i.embedder.EclipseLogger - skip non existing resourceDirectory F:\myProject\myProject\myProject\src\test\resources
2019-12-12 09:00:03,228 [Worker-1] INFO  o.e.m.c.i.embedder.EclipseLogger - Using 'UTF-8' encoding to copy filtered resources.
2019-12-12 09:00:03,308 [Worker-1] INFO  o.e.m.c.i.embedder.EclipseLogger - Copying 6 resources
2019-12-12 09:00:03,374 [Worker-1] INFO  o.e.m.c.i.embedder.EclipseLogger - Copying 6 resources
2019-12-12 09:00:03,496 [Worker-1] INFO  o.e.m.c.i.embedder.EclipseLogger - Using 'UTF-8' encoding to copy filtered resources.
2019-12-12 09:00:03,496 [Worker-1] INFO  o.e.m.c.i.embedder.EclipseLogger - skip non existing resourceDirectory F:\myProject\myProject\myProject\src\test\resources
2019-12-12 09:13:00,113 [Worker-33] INFO  o.e.m.w.i.f.ResourceFilteringBuildParticipant - Cleaning filtered folder for myProject
2019-12-12 09:13:01,022 [Worker-27] INFO  o.e.m.c.i.embedder.EclipseLogger - Using 'UTF-8' encoding to copy filtered resources.
2019-12-12 09:13:01,025 [Worker-27] INFO  o.e.m.c.i.embedder.EclipseLogger - Copying 6 resources
2019-12-12 09:13:01,032 [Worker-27] INFO  o.e.m.c.i.embedder.EclipseLogger - Copying 6 resources
2019-12-12 09:13:01,051 [Worker-27] INFO  o.e.m.c.i.embedder.EclipseLogger - Using 'UTF-8' encoding to copy filtered resources.
2019-12-12 09:13:01,051 [Worker-27] INFO  o.e.m.c.i.embedder.EclipseLogger - skip non existing resourceDirectory F:\myProject\myProject\myProject\src\test\resources
2019-12-12 09:13:01,052 [Worker-27] INFO  o.e.m.w.i.f.ResourceFilteringBuildParticipant - Changed resources require a complete clean of filtered resources of myProject
2019-12-12 09:13:01,052 [Worker-27] INFO  o.e.m.w.i.f.ResourceFilteringBuildParticipant - Executing resource filtering for myProject
2019-12-12 09:13:01,211 [Worker-27] INFO  o.e.m.c.i.embedder.EclipseLogger - Using 'UTF-8' encoding to copy filtered resources.
2019-12-12 09:13:15,529 [Worker-33] INFO  o.e.m.w.i.f.ResourceFilteringBuildParticipant - Cleaning filtered folder for myProject
2019-12-12 09:13:40,183 [Worker-32] INFO  o.e.m.c.i.embedder.EclipseLogger - Using 'UTF-8' encoding to copy filtered resources.
2019-12-12 09:13:40,184 [Worker-32] INFO  o.e.m.c.i.embedder.EclipseLogger - Copying 6 resources
2019-12-12 09:13:40,197 [Worker-32] INFO  o.e.m.c.i.embedder.EclipseLogger - Copying 6 resources
2019-12-12 09:13:40,202 [Worker-32] INFO  o.e.m.c.i.embedder.EclipseLogger - Using 'UTF-8' encoding to copy filtered resources.
2019-12-12 09:13:40,202 [Worker-32] INFO  o.e.m.c.i.embedder.EclipseLogger - skip non existing resourceDirectory F:\myProject\myProject\myProject\src\test\resources
2019-12-12 09:13:40,202 [Worker-32] INFO  o.e.m.w.i.f.ResourceFilteringBuildParticipant - Changed resources require a complete clean of filtered resources of myProject
2019-12-12 09:13:40,202 [Worker-32] INFO  o.e.m.w.i.f.ResourceFilteringBuildParticipant - Executing resource filtering for myProject
2019-12-12 09:13:40,205 [Worker-32] INFO  o.e.m.c.i.embedder.EclipseLogger - Using 'UTF-8' encoding to copy filtered resources.
2019-12-12 15:34:34,903 [Worker-174] INFO  o.e.m.c.i.embedder.EclipseLogger - Using 'UTF-8' encoding to copy filtered resources.
2019-12-12 15:34:35,351 [Worker-174] INFO  o.e.m.c.i.embedder.EclipseLogger - Copying 6 resources
2019-12-12 15:34:35,405 [Worker-174] INFO  o.e.m.c.i.embedder.EclipseLogger - Copying 6 resources
2019-12-12 15:34:35,434 [Worker-174] INFO  o.e.m.c.i.embedder.EclipseLogger - Using 'UTF-8' encoding to copy filtered resources.
2019-12-12 15:34:35,434 [Worker-174] INFO  o.e.m.c.i.embedder.EclipseLogger - skip non existing resourceDirectory F:\myProject\myProject\myProject\src\test\resources
2019-12-12 15:37:24,211 [Worker-171] WARN  o.e.r.models.ModelRepository - Failed to download org.eclipse.recommenders:index::zip:0.0.0
org.eclipse.aether.resolution.ArtifactResolutionException: Could not find artifact org.eclipse.recommenders:index:zip:0.0.0-SNAPSHOT in models (http://download.eclipse.org/recommenders/models/mars/)
	at org.eclipse.aether.internal.impl.DefaultArtifactResolver.resolve(DefaultArtifactResolver.java:444) ~[na:na]
	at org.eclipse.aether.internal.impl.DefaultArtifactResolver.resolveArtifacts(DefaultArtifactResolver.java:246) ~[na:na]
	at org.eclipse.aether.internal.impl.DefaultArtifactResolver.resolveArtifact(DefaultArtifactResolver.java:223) ~[na:na]
	at org.eclipse.aether.internal.impl.DefaultRepositorySystem.resolveArtifact(DefaultRepositorySystem.java:294) ~[na:na]
	at org.eclipse.recommenders.models.ModelRepository.resolveInternal(ModelRepository.java:192) [org.eclipse.recommenders.models_2.3.0.v20160216-1255.jar:na]
	at org.eclipse.recommenders.models.ModelRepository.resolve(ModelRepository.java:174) [org.eclipse.recommenders.models_2.3.0.v20160216-1255.jar:na]
	at org.eclipse.recommenders.internal.models.rcp.EclipseModelRepository.resolve(EclipseModelRepository.java:165) [org.eclipse.recommenders.models.rcp_2.3.0.v20160216-1255.jar:na]
	at org.eclipse.recommenders.internal.models.rcp.DownloadModelArchiveJob.run(DownloadModelArchiveJob.java:76) [org.eclipse.recommenders.models.rcp_2.3.0.v20160216-1255.jar:na]
	at org.eclipse.core.internal.jobs.Worker.run(Worker.java:55) [org.eclipse.core.jobs_3.7.0.v20150330-2103.jar:na]
Caused by: org.eclipse.aether.transfer.ArtifactNotFoundException: Could not find artifact org.eclipse.recommenders:index:zip:0.0.0-SNAPSHOT in models (http://download.eclipse.org/recommenders/models/mars/)
	at org.eclipse.aether.connector.basic.ArtifactTransportListener.transferFailed(ArtifactTransportListener.java:39) ~[org.eclipse.aether.connector.basic_1.0.1.v20141111.jar:na]
	at org.eclipse.aether.connector.basic.BasicRepositoryConnector$TaskRunner.run(BasicRepositoryConnector.java:355) ~[org.eclipse.aether.connector.basic_1.0.1.v20141111.jar:na]
	at org.eclipse.aether.util.concurrency.RunnableErrorForwarder$1.run(RunnableErrorForwarder.java:67) ~[na:na]
	at org.eclipse.aether.connector.basic.BasicRepositoryConnector$DirectExecutor.execute(BasicRepositoryConnector.java:581) ~[org.eclipse.aether.connector.basic_1.0.1.v20141111.jar:na]
	at org.eclipse.aether.connector.basic.BasicRepositoryConnector.get(BasicRepositoryConnector.java:249) ~[org.eclipse.aether.connector.basic_1.0.1.v20141111.jar:na]
	at org.eclipse.aether.internal.impl.DefaultArtifactResolver.performDownloads(DefaultArtifactResolver.java:520) ~[na:na]
	at org.eclipse.aether.internal.impl.DefaultArtifactResolver.resolve(DefaultArtifactResolver.java:421) ~[na:na]
	... 8 common frames omitted
2019-12-12 15:38:03,462 [Worker-171] INFO  o.e.m.c.i.embedder.EclipseLogger - Using 'UTF-8' encoding to copy filtered resources.
2019-12-12 15:38:03,462 [Worker-171] INFO  o.e.m.c.i.embedder.EclipseLogger - Copying 0 resource
2019-12-12 15:38:03,462 [Worker-171] INFO  o.e.m.c.i.embedder.EclipseLogger - Copying 0 resource
2019-12-12 15:38:03,463 [Worker-171] INFO  o.e.m.c.i.embedder.EclipseLogger - Using 'UTF-8' encoding to copy filtered resources.
2019-12-12 15:38:03,463 [Worker-171] INFO  o.e.m.c.i.embedder.EclipseLogger - skip non existing resourceDirectory F:\myProject\myProject\myProject\src\test\resources
2019-12-12 15:40:16,095 [Worker-175] INFO  o.e.m.c.i.embedder.EclipseLogger - Using 'UTF-8' encoding to copy filtered resources.
2019-12-12 15:40:16,102 [Worker-175] INFO  o.e.m.c.i.embedder.EclipseLogger - Copying 6 resources
2019-12-12 15:40:16,103 [Worker-175] INFO  o.e.m.c.i.embedder.EclipseLogger - Copying 6 resources
2019-12-12 15:40:16,105 [Worker-175] INFO  o.e.m.c.i.embedder.EclipseLogger - Using 'UTF-8' encoding to copy filtered resources.
2019-12-12 15:40:16,105 [Worker-175] INFO  o.e.m.c.i.embedder.EclipseLogger - skip non existing resourceDirectory F:\myProject\myProject\myProject\src\test\resources
2019-12-12 15:45:17,248 [Worker-175] INFO  o.e.m.c.i.embedder.EclipseLogger - Using 'UTF-8' encoding to copy filtered resources.
2019-12-12 15:45:17,254 [Worker-175] INFO  o.e.m.c.i.embedder.EclipseLogger - Copying 6 resources
2019-12-12 15:45:17,256 [Worker-175] INFO  o.e.m.c.i.embedder.EclipseLogger - Copying 6 resources
2019-12-12 15:45:17,269 [Worker-175] INFO  o.e.m.c.i.embedder.EclipseLogger - Using 'UTF-8' encoding to copy filtered resources.
2019-12-12 15:45:17,269 [Worker-175] INFO  o.e.m.c.i.embedder.EclipseLogger - skip non existing resourceDirectory F:\myProject\myProject\myProject\src\test\resources
2019-12-12 15:45:52,607 [Worker-179] INFO  o.e.m.c.i.embedder.EclipseLogger - Using 'UTF-8' encoding to copy filtered resources.
2019-12-12 15:45:52,613 [Worker-179] INFO  o.e.m.c.i.embedder.EclipseLogger - Copying 6 resources
2019-12-12 15:45:52,615 [Worker-179] INFO  o.e.m.c.i.embedder.EclipseLogger - Copying 6 resources
2019-12-12 15:45:52,616 [Worker-179] INFO  o.e.m.c.i.embedder.EclipseLogger - Using 'UTF-8' encoding to copy filtered resources.
2019-12-12 15:45:52,616 [Worker-179] INFO  o.e.m.c.i.embedder.EclipseLogger - skip non existing resourceDirectory F:\myProject\myProject\myProject\src\test\resources
2019-12-12 15:46:43,149 [Worker-178] INFO  o.e.m.c.i.embedder.EclipseLogger - Using 'UTF-8' encoding to copy filtered resources.
2019-12-12 15:46:43,155 [Worker-178] INFO  o.e.m.c.i.embedder.EclipseLogger - Copying 6 resources
2019-12-12 15:46:43,156 [Worker-178] INFO  o.e.m.c.i.embedder.EclipseLogger - Copying 6 resources
2019-12-12 15:46:43,158 [Worker-178] INFO  o.e.m.c.i.embedder.EclipseLogger - Using 'UTF-8' encoding to copy filtered resources.
2019-12-12 15:46:43,158 [Worker-178] INFO  o.e.m.c.i.embedder.EclipseLogger - skip non existing resourceDirectory F:\myProject\myProject\myProject\src\test\resources
2019-12-12 16:03:35,015 [Worker-183] INFO  o.e.m.c.i.embedder.EclipseLogger - Using 'UTF-8' encoding to copy filtered resources.
2019-12-12 16:03:35,015 [Worker-183] INFO  o.e.m.c.i.embedder.EclipseLogger - Copying 0 resource
2019-12-12 16:03:35,016 [Worker-183] INFO  o.e.m.c.i.embedder.EclipseLogger - Copying 1 resource
2019-12-12 16:03:35,018 [Worker-183] INFO  o.e.m.c.i.embedder.EclipseLogger - Using 'UTF-8' encoding to copy filtered resources.
2019-12-12 16:03:35,018 [Worker-183] INFO  o.e.m.c.i.embedder.EclipseLogger - skip non existing resourceDirectory F:\myProject\myProject\myProject\src\test\resources
2019-12-12 16:15:59,731 [Worker-200] INFO  o.e.m.c.i.embedder.EclipseLogger - Using 'UTF-8' encoding to copy filtered resources.
2019-12-12 16:15:59,732 [Worker-200] INFO  o.e.m.c.i.embedder.EclipseLogger - Copying 0 resource
2019-12-12 16:15:59,732 [Worker-200] INFO  o.e.m.c.i.embedder.EclipseLogger - Copying 1 resource
2019-12-12 16:15:59,734 [Worker-200] INFO  o.e.m.c.i.embedder.EclipseLogger - Using 'UTF-8' encoding to copy filtered resources.
2019-12-12 16:15:59,734 [Worker-200] INFO  o.e.m.c.i.embedder.EclipseLogger - skip non existing resourceDirectory F:\myProject\myProject\myProject\src\test\resources
2019-12-12 16:16:11,618 [Worker-185] INFO  o.e.m.c.i.embedder.EclipseLogger - Using 'UTF-8' encoding to copy filtered resources.
2019-12-12 16:16:11,618 [Worker-185] INFO  o.e.m.c.i.embedder.EclipseLogger - Copying 0 resource
2019-12-12 16:16:11,618 [Worker-185] INFO  o.e.m.c.i.embedder.EclipseLogger - Copying 1 resource
2019-12-12 16:16:11,621 [Worker-185] INFO  o.e.m.c.i.embedder.EclipseLogger - Using 'UTF-8' encoding to copy filtered resources.
2019-12-12 16:16:11,621 [Worker-185] INFO  o.e.m.c.i.embedder.EclipseLogger - skip non existing resourceDirectory F:\myProject\myProject\myProject\src\test\resources
2019-12-12 16:16:30,214 [Worker-201] INFO  o.e.m.c.i.embedder.EclipseLogger - Using 'UTF-8' encoding to copy filtered resources.
2019-12-12 16:16:30,215 [Worker-201] INFO  o.e.m.c.i.embedder.EclipseLogger - Copying 0 resource
2019-12-12 16:16:30,215 [Worker-201] INFO  o.e.m.c.i.embedder.EclipseLogger - Copying 1 resource
2019-12-12 16:16:30,217 [Worker-201] INFO  o.e.m.c.i.embedder.EclipseLogger - Using 'UTF-8' encoding to copy filtered resources.
2019-12-12 16:16:30,217 [Worker-201] INFO  o.e.m.c.i.embedder.EclipseLogger - skip non existing resourceDirectory F:\myProject\myProject\myProject\src\test\resources
2019-12-12 16:22:11,782 [Worker-207] INFO  o.e.m.c.i.embedder.EclipseLogger - Using 'UTF-8' encoding to copy filtered resources.
2019-12-12 16:22:11,782 [Worker-207] INFO  o.e.m.c.i.embedder.EclipseLogger - Copying 0 resource
2019-12-12 16:22:11,783 [Worker-207] INFO  o.e.m.c.i.embedder.EclipseLogger - Copying 1 resource
2019-12-12 16:22:11,785 [Worker-207] INFO  o.e.m.c.i.embedder.EclipseLogger - Using 'UTF-8' encoding to copy filtered resources.
2019-12-12 16:22:11,785 [Worker-207] INFO  o.e.m.c.i.embedder.EclipseLogger - skip non existing resourceDirectory F:\myProject\myProject\myProject\src\test\resources
2019-12-12 16:25:27,587 [Worker-212] INFO  o.e.m.c.i.embedder.EclipseLogger - Using 'UTF-8' encoding to copy filtered resources.
2019-12-12 16:25:27,587 [Worker-212] INFO  o.e.m.c.i.embedder.EclipseLogger - Copying 0 resource
2019-12-12 16:25:27,587 [Worker-212] INFO  o.e.m.c.i.embedder.EclipseLogger - Copying 1 resource
2019-12-12 16:25:27,590 [Worker-212] INFO  o.e.m.c.i.embedder.EclipseLogger - Using 'UTF-8' encoding to copy filtered resources.
2019-12-12 16:25:27,590 [Worker-212] INFO  o.e.m.c.i.embedder.EclipseLogger - skip non existing resourceDirectory F:\myProject\myProject\myProject\src\test\resources
2019-12-12 16:27:46,212 [Worker-220] INFO  o.e.m.c.i.embedder.EclipseLogger - Using 'UTF-8' encoding to copy filtered resources.
2019-12-12 16:27:46,213 [Worker-220] INFO  o.e.m.c.i.embedder.EclipseLogger - Copying 0 resource
2019-12-12 16:27:46,213 [Worker-220] INFO  o.e.m.c.i.embedder.EclipseLogger - Copying 1 resource
2019-12-12 16:27:46,216 [Worker-220] INFO  o.e.m.c.i.embedder.EclipseLogger - Using 'UTF-8' encoding to copy filtered resources.
2019-12-12 16:27:46,216 [Worker-220] INFO  o.e.m.c.i.embedder.EclipseLogger - skip non existing resourceDirectory F:\myProject\myProject\myProject\src\test\resources
2019-12-12 16:27:54,346 [Worker-220] INFO  o.e.m.c.i.embedder.EclipseLogger - Using 'UTF-8' encoding to copy filtered resources.
2019-12-12 16:27:54,346 [Worker-220] INFO  o.e.m.c.i.embedder.EclipseLogger - Copying 0 resource
2019-12-12 16:27:54,347 [Worker-220] INFO  o.e.m.c.i.embedder.EclipseLogger - Copying 1 resource
2019-12-12 16:27:54,364 [Worker-220] INFO  o.e.m.c.i.embedder.EclipseLogger - Using 'UTF-8' encoding to copy filtered resources.
2019-12-12 16:27:54,364 [Worker-220] INFO  o.e.m.c.i.embedder.EclipseLogger - skip non existing resourceDirectory F:\myProject\myProject\myProject\src\test\resources
2019-12-12 16:28:03,084 [Worker-228] INFO  o.e.m.c.i.embedder.EclipseLogger - Using 'UTF-8' encoding to copy filtered resources.
2019-12-12 16:28:03,090 [Worker-228] INFO  o.e.m.c.i.embedder.EclipseLogger - Copying 6 resources
2019-12-12 16:28:03,092 [Worker-228] INFO  o.e.m.c.i.embedder.EclipseLogger - Copying 6 resources
2019-12-12 16:28:03,093 [Worker-228] INFO  o.e.m.c.i.embedder.EclipseLogger - Using 'UTF-8' encoding to copy filtered resources.
2019-12-12 16:28:03,094 [Worker-228] INFO  o.e.m.c.i.embedder.EclipseLogger - skip non existing resourceDirectory F:\myProject\myProject\myProject\src\test\resources
2019-12-12 16:55:14,523 [Worker-239] INFO  o.e.m.c.i.embedder.EclipseLogger - Using 'UTF-8' encoding to copy filtered resources.
2019-12-12 16:55:14,529 [Worker-239] INFO  o.e.m.c.i.embedder.EclipseLogger - Copying 6 resources
2019-12-12 16:55:14,530 [Worker-239] INFO  o.e.m.c.i.embedder.EclipseLogger - Copying 6 resources
2019-12-12 16:55:14,532 [Worker-239] INFO  o.e.m.c.i.embedder.EclipseLogger - Using 'UTF-8' encoding to copy filtered resources.
2019-12-12 16:55:14,532 [Worker-239] INFO  o.e.m.c.i.embedder.EclipseLogger - skip non existing resourceDirectory F:\myProject\myProject\myProject\src\test\resources
2019-12-12 17:25:03,948 [Worker-247] INFO  o.e.m.c.i.embedder.EclipseLogger - Using 'UTF-8' encoding to copy filtered resources.
2019-12-12 17:25:03,954 [Worker-247] INFO  o.e.m.c.i.embedder.EclipseLogger - Copying 6 resources
2019-12-12 17:25:03,956 [Worker-247] INFO  o.e.m.c.i.embedder.EclipseLogger - Copying 6 resources
2019-12-12 17:25:03,957 [Worker-247] INFO  o.e.m.c.i.embedder.EclipseLogger - Using 'UTF-8' encoding to copy filtered resources.
2019-12-12 17:25:03,957 [Worker-247] INFO  o.e.m.c.i.embedder.EclipseLogger - skip non existing resourceDirectory F:\myProject\myProject\myProject\src\test\resources
2019-12-12 17:27:30,878 [Worker-252] INFO  o.e.m.c.i.embedder.EclipseLogger - Using 'UTF-8' encoding to copy filtered resources.
2019-12-12 17:27:30,884 [Worker-252] INFO  o.e.m.c.i.embedder.EclipseLogger - Copying 6 resources
2019-12-12 17:27:30,885 [Worker-252] INFO  o.e.m.c.i.embedder.EclipseLogger - Copying 6 resources
2019-12-12 17:27:30,887 [Worker-252] INFO  o.e.m.c.i.embedder.EclipseLogger - Using 'UTF-8' encoding to copy filtered resources.
2019-12-12 17:27:30,887 [Worker-252] INFO  o.e.m.c.i.embedder.EclipseLogger - skip non existing resourceDirectory F:\myProject\myProject\myProject\src\test\resources
2019-12-12 17:30:08,367 [Worker-247] INFO  o.e.m.c.i.embedder.EclipseLogger - Using 'UTF-8' encoding to copy filtered resources.
2019-12-12 17:30:08,368 [Worker-247] INFO  o.e.m.c.i.embedder.EclipseLogger - Copying 1 resource
2019-12-12 17:30:08,369 [Worker-247] INFO  o.e.m.c.i.embedder.EclipseLogger - Copying 0 resource
2019-12-12 17:30:08,370 [Worker-247] INFO  o.e.m.c.i.embedder.EclipseLogger - Using 'UTF-8' encoding to copy filtered resources.
2019-12-12 17:30:08,370 [Worker-247] INFO  o.e.m.c.i.embedder.EclipseLogger - skip non existing resourceDirectory F:\myProject\myProject\myProject\src\test\resources
2019-12-12 17:34:21,507 [Worker-253] INFO  o.e.m.c.i.embedder.EclipseLogger - Using 'UTF-8' encoding to copy filtered resources.
2019-12-12 17:34:21,513 [Worker-253] INFO  o.e.m.c.i.embedder.EclipseLogger - Copying 6 resources
2019-12-12 17:34:21,514 [Worker-253] INFO  o.e.m.c.i.embedder.EclipseLogger - Copying 6 resources
2019-12-12 17:34:21,516 [Worker-253] INFO  o.e.m.c.i.embedder.EclipseLogger - Using 'UTF-8' encoding to copy filtered resources.
2019-12-12 17:34:21,516 [Worker-253] INFO  o.e.m.c.i.embedder.EclipseLogger - skip non existing resourceDirectory F:\myProject\myProject\myProject\src\test\resources
2019-12-12 18:05:59,872 [Worker-258] INFO  o.e.m.c.i.embedder.EclipseLogger - Using 'UTF-8' encoding to copy filtered resources.
2019-12-12 18:05:59,878 [Worker-258] INFO  o.e.m.c.i.embedder.EclipseLogger - Copying 6 resources
2019-12-12 18:05:59,880 [Worker-258] INFO  o.e.m.c.i.embedder.EclipseLogger - Copying 6 resources
2019-12-12 18:05:59,881 [Worker-258] INFO  o.e.m.c.i.embedder.EclipseLogger - Using 'UTF-8' encoding to copy filtered resources.
2019-12-12 18:05:59,881 [Worker-258] INFO  o.e.m.c.i.embedder.EclipseLogger - skip non existing resourceDirectory F:\myProject\myProject\myProject\src\test\resources
